<?xml version="1.0" encoding="UTF-8"?>
<testng-results skipped="0" failed="0" ignored="0" total="1" passed="1">
  <reporter-output>
  </reporter-output>
  <suite name="Default suite" duration-ms="31233" started-at="2019-06-15T06:09:31Z" finished-at="2019-06-15T06:10:02Z">
    <groups>
    </groups>
    <test name="Default test" duration-ms="31233" started-at="2019-06-15T06:09:31Z" finished-at="2019-06-15T06:10:02Z">
      <class name="docker.DockerStandAlone">
        <test-method status="PASS" signature="setUp()[pri:0, instance:docker.DockerStandAlone@b7dd107]" name="setUp" is-config="true" duration-ms="10004" started-at="2019-06-15T06:09:31Z" finished-at="2019-06-15T06:09:41Z">
          <reporter-output>
          </reporter-output>
        </test-method> <!-- setUp -->
        <test-method status="PASS" signature="googleSearch()[pri:0, instance:docker.DockerStandAlone@b7dd107]" name="googleSearch" duration-ms="20000" started-at="2019-06-15T06:09:41Z" description="Search in Youtube" finished-at="2019-06-15T06:10:01Z">
          <reporter-output>
          </reporter-output>
        </test-method> <!-- googleSearch -->
        <test-method status="PASS" signature="tearDown()[pri:0, instance:docker.DockerStandAlone@b7dd107]" name="tearDown" is-config="true" duration-ms="1187" started-at="2019-06-15T06:10:01Z" finished-at="2019-06-15T06:10:02Z">
          <reporter-output>
          </reporter-output>
        </test-method> <!-- tearDown -->
      </class> <!-- docker.DockerStandAlone -->
    </test> <!-- Default test -->
  </suite> <!-- Default suite -->
</testng-results>
